<?xml version="1.0" encoding="utf-8"?><testsuites name="pytest tests"><testsuite name="pytest" errors="0" failures="0" skipped="0" tests="11" time="5.591" timestamp="2026-06-12T17:18:02.945617+00:00" hostname="agent-env-34e1f624-fa85-402a-8fe0-5e207fa44a77"><testcase classname="backend.tests.backend_test" name="test_root_ok" time="0.275" /><testcase classname="backend.tests.backend_test" name="test_login_admin" time="0.534" /><testcase classname="backend.tests.backend_test" name="test_login_client" time="0.501" /><testcase classname="backend.tests.backend_test" name="test_login_wrong_creds" time="0.520" /><testcase classname="backend.tests.backend_test" name="test_me_returns_user" time="0.744" /><testcase classname="backend.tests.backend_test" name="test_dashboard_no_auth" time="0.150" /><testcase classname="backend.tests.backend_test" name="test_client_cannot_access_admin" time="0.712" /><testcase classname="backend.tests.backend_test" name="test_admin_stats" time="0.178" /><testcase classname="backend.tests.backend_test" name="test_admin_list_clients" time="0.152" /><testcase classname="backend.tests.backend_test" name="test_admin_create_upload_delete_client" time="1.048" /><testcase classname="backend.tests.backend_test" name="test_client_dashboard_totals" time="0.287" /></testsuite></testsuites>